<?xml version="1.0" encoding="UTF-8"?>
<!-- Generated by org.testng.reporters.JUnitXMLReporter -->
<testsuite ignored="0" hostname="APL-PG02T0CX" failures="1" tests="1" name="AutomationExcercise(failed)" time="34.735" errors="0" timestamp="2023-06-27T10:47:46 IST">
  <testcase classname="com.automation.testcases.TC1_RegistrationProcess" name="userRegistration" time="2.668">
    <failure type="org.testng.internal.reflect.MethodMatcherException" message="
[public void com.automation.testcases.TC1_RegistrationProcess.userRegistration(java.lang.String,java.lang.String,java.lang.String,java.lang.String,java.lang.String,java.lang.String,java.lang.String,java.lang.String,java.lang.String,java.lang.String,java.lang.String,java.lang.String,java.lang.String,java.lang.String,java.lang.String,java.lang.String,java.lang.String,java.lang.String,java.lang.String,java.lang.String)] has no parameters defined but was found to be using a data provider (either explicitly specified or inherited from class level annotation).
Data provider mismatch
Method: userRegistration([java.lang.String arg0, java.lang.String arg1, java.lang.String arg2, java.lang.String arg3, java.lang.String arg4, java.lang.String arg5, java.lang.String arg6, java.lang.String arg7, java.lang.String arg8, java.lang.String arg9, java.lang.String arg10, java.lang.String arg11, java.lang.String arg12, java.lang.String arg13, java.lang.String arg14, java.lang.String arg15, java.lang.String arg16, java.lang.String arg17, java.lang.String arg18, java.lang.String arg19])
Arguments: [(java.lang.String) New User Signup,(java.lang.String) janet36,(java.lang.String) janet36@gmail.com,(java.lang.String) ENTER ACCOUNT INFORMATION,(java.lang.String) Janet6@Automation7,(java.lang.String) 01-Dec-2020,(java.lang.String) gandhistreet,(java.lang.String) janet5,(java.lang.String) a,(java.lang.String) wipro,(java.lang.String) gandhi street,(java.lang.String) gandhi street,(java.lang.String) India,(java.lang.String) tn,(java.lang.String) chennai,(java.lang.String) 607002.0,(java.lang.String) 1.01010101E9,(java.lang.String) ACCOUNT CREATED!,(java.lang.String) logged in as janet36]">
      <![CDATA[org.testng.internal.reflect.MethodMatcherException: 
[public void com.automation.testcases.TC1_RegistrationProcess.userRegistration(java.lang.String,java.lang.String,java.lang.String,java.lang.String,java.lang.String,java.lang.String,java.lang.String,java.lang.String,java.lang.String,java.lang.String,java.lang.String,java.lang.String,java.lang.String,java.lang.String,java.lang.String,java.lang.String,java.lang.String,java.lang.String,java.lang.String,java.lang.String)] has no parameters defined but was found to be using a data provider (either explicitly specified or inherited from class level annotation).
Data provider mismatch
Method: userRegistration([java.lang.String arg0, java.lang.String arg1, java.lang.String arg2, java.lang.String arg3, java.lang.String arg4, java.lang.String arg5, java.lang.String arg6, java.lang.String arg7, java.lang.String arg8, java.lang.String arg9, java.lang.String arg10, java.lang.String arg11, java.lang.String arg12, java.lang.String arg13, java.lang.String arg14, java.lang.String arg15, java.lang.String arg16, java.lang.String arg17, java.lang.String arg18, java.lang.String arg19])
Arguments: [(java.lang.String) New User Signup,(java.lang.String) janet36,(java.lang.String) janet36@gmail.com,(java.lang.String) ENTER ACCOUNT INFORMATION,(java.lang.String) Janet6@Automation7,(java.lang.String) 01-Dec-2020,(java.lang.String) gandhistreet,(java.lang.String) janet5,(java.lang.String) a,(java.lang.String) wipro,(java.lang.String) gandhi street,(java.lang.String) gandhi street,(java.lang.String) India,(java.lang.String) tn,(java.lang.String) chennai,(java.lang.String) 607002.0,(java.lang.String) 1.01010101E9,(java.lang.String) ACCOUNT CREATED!,(java.lang.String) logged in as janet36]
at java.base/java.util.ArrayList.forEach(ArrayList.java:1511)
... Removed 22 stack frames]]>
    </failure>
  </testcase> <!-- userRegistration -->
</testsuite> <!-- AutomationExcercise(failed) -->
