<?xml version="1.0" encoding="UTF-8"?>
<!-- Generated by org.testng.reporters.JUnitXMLReporter -->
<testsuite ignored="0" hostname="APL-PG02T0CX" failures="0" tests="5" name="AutomationExcercise" time="180.322" errors="0" timestamp="2023-10-06T11:23:42 IST">
  <testcase classname="com.automation.testcases.TC1_RegistrationProcess" name="userRegistration" time="9.354"/>
  <testcase classname="com.automation.testcases.TC2_ValidateCardItems" name="validateAddItemToCartAndNonExistenceProduct" time="28.983"/>
  <testcase classname="com.automation.testcases.TC3_ValidateAddressDetailsIncheckoutPage" name="validateAddressDetailsInCheckoutPage" time="20.276"/>
  <testcase classname="com.automation.testcases.TC4_ValidateScrollUScrollDown" name="testScrollUpScrollDown" time="0.164"/>
  <testcase classname="com.automation.testcases.TC5_ValidateInvoiceAfterPurchase" name="validateInvoice" time="13.147"/>
</testsuite> <!-- AutomationExcercise -->
