<?xml version="1.0" encoding="UTF-8"?>
<testsuite xmlns:xsi="http://www.w3.org/2001/XMLSchema-instance" xsi:noNamespaceSchemaLocation="https://maven.apache.org/surefire/maven-surefire-plugin/xsd/surefire-test-report-3.0.xsd" version="3.0" name="TestSuite" time="204.568" tests="8" errors="0" skipped="3" failures="1">
  <properties>
[...]
</properties>
  <testcase name="userRegistration[New User Signup, boston1, boston13@gmail.com, ENTER ACCOUNT INFORMATION, Janet6@Automation7, 12, December, 2020, ADDRESS INFORMATION, janet5, a, wipro, gandhi street, bheema ra street, India, tn, chennai, 607002, 1010101010, ACCOUNT CREATED!, ACCOUNT CREATED, logged in as boston1](1)" classname="com.automation.testcases.TC1_RegistrationProcess" time="15.694">
    <system-out><![CDATA[12:21:59.907 [main] WARN  org.apache.poi.POIDocument - DocumentSummaryInformation property set came back as null
12:21:59.911 [main] WARN  org.apache.poi.POIDocument - SummaryInformation property set came back as null
Enter account information is visible
12:22:02.070 [main] INFO  com.automation.testcases.SetUp - Enter account information is visible
12:22:02.120 [main] INFO  com.automation.testcases.SetUp - Enter account information is visible
12:22:02.705 [main] INFO  com.automation.testcases.SetUp - address information text is visible
12:22:15.758 [main] INFO  com.automation.testcases.SetUp - continue btn is clicked
]]></system-out>
    <system-err><![CDATA[SLF4J: No SLF4J providers were found.
SLF4J: Defaulting to no-operation (NOP) logger implementation
SLF4J: See https://www.slf4j.org/codes.html#noProviders for further details.
Oct 06, 2023 12:21:37 PM org.openqa.selenium.remote.service.DriverService$Builder getLogOutput
INFO: Driver logs no longer sent to console by default; https://www.selenium.dev/documentation/webdriver/drivers/service/#setting-log-output
Oct 06, 2023 12:21:45 PM org.openqa.selenium.devtools.CdpVersionFinder findNearestMatch
WARNING: Unable to find an exact match for CDP version 117, so returning the closest version found: 114
]]></system-err>
  </testcase>
  <testcase name="validateAddItemToCartAndNonExistenceProduct" classname="com.automation.testcases.TC2_ValidateCardItems" time="60.565">
    <system-out><![CDATA[12:22:15.802 [main] INFO  com.automation.testcases.SetUp - Test execution completed.
12:22:36.986 [main] INFO  com.automation.testcases.SetUp - Homepage is verified
12:22:37.041 [main] INFO  com.automation.testcases.SetUp - RECOMMENDED ITEMS section is visible.
Navigation buttons in recommended items section are visible.
Product is displayed in the cart page.
12:23:31.910 [main] INFO  com.automation.testcases.SetUp - cart page is displayed successfully
12:23:37.537 [main] INFO  com.automation.testcases.SetUp - successfully removed 
]]></system-out>
    <system-err><![CDATA[Oct 06, 2023 12:22:17 PM org.openqa.selenium.remote.service.DriverService$Builder getLogOutput
INFO: Driver logs no longer sent to console by default; https://www.selenium.dev/documentation/webdriver/drivers/service/#setting-log-output
Oct 06, 2023 12:22:23 PM org.openqa.selenium.devtools.CdpVersionFinder findNearestMatch
WARNING: Unable to find an exact match for CDP version 117, so returning the closest version found: 114
]]></system-err>
  </testcase>
  <testcase name="validateAddressDetailsInCheckoutPage" classname="com.automation.testcases.TC3_ValidateAddressDetailsIncheckoutPage" time="21.041">
    <system-out><![CDATA[12:23:37.539 [main] INFO  com.automation.testcases.SetUp - Test execution completed.
12:23:51.988 [main] INFO  com.automation.testcases.SetUp - Homepage is verified
12:23:53.828 [main] INFO  com.automation.testcases.SetUp - print enter password kamali5@Automation
12:23:54.320 [main] INFO  com.automation.testcases.SetUp - address information text is visible
12:24:02.083 [main] INFO  com.automation.testcases.SetUp - continue btn is clicked
12:24:11.144 [main] INFO  com.automation.testcases.SetUp - cart page is displayed successfully
]]></system-out>
    <system-err><![CDATA[Oct 06, 2023 12:23:38 PM org.openqa.selenium.remote.service.DriverService$Builder getLogOutput
INFO: Driver logs no longer sent to console by default; https://www.selenium.dev/documentation/webdriver/drivers/service/#setting-log-output
Oct 06, 2023 12:23:45 PM org.openqa.selenium.devtools.CdpVersionFinder findNearestMatch
WARNING: Unable to find an exact match for CDP version 117, so returning the closest version found: 114
]]></system-err>
  </testcase>
  <testcase name="testScrollUpScrollDown" classname="com.automation.testcases.TC4_ValidateScrollUScrollDown" time="0.165">
    <system-out><![CDATA[12:24:13.024 [main] INFO  com.automation.testcases.SetUp - Test execution completed.
12:24:29.998 [main] INFO  com.automation.testcases.SetUp - Homepage is verified
12:24:30.053 [main] INFO  com.automation.testcases.SetUp - subscription is visible
12:24:30.157 [main] INFO  com.automation.testcases.SetUp - Page is scrolled up and 'Full-Fledged practice website for Automation Engineers' text is visible.
]]></system-out>
    <system-err><![CDATA[Oct 06, 2023 12:24:14 PM org.openqa.selenium.remote.service.DriverService$Builder getLogOutput
INFO: Driver logs no longer sent to console by default; https://www.selenium.dev/documentation/webdriver/drivers/service/#setting-log-output
Oct 06, 2023 12:24:20 PM org.openqa.selenium.devtools.CdpVersionFinder findNearestMatch
WARNING: Unable to find an exact match for CDP version 117, so returning the closest version found: 114
]]></system-err>
  </testcase>
  <testcase name="validateInvoice" classname="com.automation.testcases.TC5_ValidateInvoiceAfterPurchase" time="0">
    <skipped/>
    <system-out><![CDATA[12:24:30.157 [main] INFO  com.automation.testcases.SetUp - Test execution completed.
12:24:43.398 [main] INFO  com.automation.testcases.SetUp - Homepage is verified
12:24:45.612 [main] INFO  com.automation.testcases.SetUp - cart page is displayed successfully
12:24:55.671 [main] INFO  com.automation.testcases.SetUp - review order-product one: Men Tshirt
12:24:55.671 [main] INFO  com.automation.testcases.SetUp - review order-product two: Sleeveless Dress
12:24:55.688 [main] INFO  com.automation.testcases.SetUp - Total Amount: Rs. 1400
]]></system-out>
    <system-err><![CDATA[Oct 06, 2023 12:24:31 PM org.openqa.selenium.remote.service.DriverService$Builder getLogOutput
INFO: Driver logs no longer sent to console by default; https://www.selenium.dev/documentation/webdriver/drivers/service/#setting-log-output
Oct 06, 2023 12:24:37 PM org.openqa.selenium.devtools.CdpVersionFinder findNearestMatch
WARNING: Unable to find an exact match for CDP version 117, so returning the closest version found: 114
]]></system-err>
  </testcase>
  <testcase name="validateInvoice" classname="com.automation.testcases.TC5_ValidateInvoiceAfterPurchase" time="0">
    <skipped/>
  </testcase>
  <testcase name="validateInvoice" classname="com.automation.testcases.TC5_ValidateInvoiceAfterPurchase" time="0">
    <skipped/>
  </testcase>
  <testcase name="validateInvoice" classname="com.automation.testcases.TC5_ValidateInvoiceAfterPurchase" time="0.149">
    <failure type="java.lang.AssertionError"><![CDATA[java.lang.AssertionError
	at com.automation.testcases.TC5_ValidateInvoiceAfterPurchase.validateInvoice(TC5_ValidateInvoiceAfterPurchase.java:24)
]]></failure>
  </testcase>
</testsuite>