<?xml version="1.0" encoding="UTF-8"?>
<testng-results ignored="0" total="5" passed="5" failed="0" skipped="0">
  <reporter-output>
  </reporter-output>
  <suite started-at="2023-10-06T14:54:46 IST" name="E-commerceapplication" finished-at="2023-10-06T14:58:38 IST" duration-ms="232028">
    <groups>
      <group name="regression">
        <method signature="TC3_ValidateAddressDetailsIncheckoutPage.validateAddressDetailsInCheckoutPage()[pri:0, instance:com.automation.testcases.TC3_ValidateAddressDetailsIncheckoutPage@15bb5034]" name="validateAddressDetailsInCheckoutPage" class="com.automation.testcases.TC3_ValidateAddressDetailsIncheckoutPage"/>
      </group> <!-- regression -->
      <group name="smoke">
        <method signature="TC1_RegistrationProcess.userRegistration(java.lang.String,java.lang.String,java.lang.String,java.lang.String,java.lang.String,java.lang.String,java.lang.String,java.lang.String,java.lang.String,java.lang.String,java.lang.String,java.lang.String,java.lang.String,java.lang.String,java.lang.String,java.lang.String,java.lang.String,java.lang.String,java.lang.String,java.lang.String,java.lang.String,java.lang.String)[pri:0, instance:com.automation.testcases.TC1_RegistrationProcess@26d9b808]" name="userRegistration" class="com.automation.testcases.TC1_RegistrationProcess"/>
        <method signature="TC2_ValidateCardItems.validateAddItemToCartAndNonExistenceProduct()[pri:0, instance:com.automation.testcases.TC2_ValidateCardItems@7d0b7e3c]" name="validateAddItemToCartAndNonExistenceProduct" class="com.automation.testcases.TC2_ValidateCardItems"/>
        <method signature="TC4_ValidateScrollUScrollDown.testScrollUpScrollDown()[pri:0, instance:com.automation.testcases.TC4_ValidateScrollUScrollDown@4b741d6d]" name="testScrollUpScrollDown" class="com.automation.testcases.TC4_ValidateScrollUScrollDown"/>
        <method signature="TC5_ValidateInvoiceAfterPurchase.validateInvoice()[pri:0, instance:com.automation.testcases.TC5_ValidateInvoiceAfterPurchase@2eae8e6e]" name="validateInvoice" class="com.automation.testcases.TC5_ValidateInvoiceAfterPurchase"/>
      </group> <!-- smoke -->
    </groups>
    <test started-at="2023-10-06T14:54:46 IST" name="AutomationExcercise" finished-at="2023-10-06T14:58:38 IST" duration-ms="232028">
      <class name="com.automation.testcases.TC5_ValidateInvoiceAfterPurchase">
        <test-method is-config="true" signature="launchBrowser()[pri:0, instance:com.automation.testcases.TC5_ValidateInvoiceAfterPurchase@2eae8e6e]" started-at="2023-10-06T14:57:51 IST" name="launchBrowser" finished-at="2023-10-06T14:58:13 IST" duration-ms="22336" status="PASS">
          <reporter-output>
          </reporter-output>
        </test-method> <!-- launchBrowser -->
        <test-method signature="validateInvoice()[pri:0, instance:com.automation.testcases.TC5_ValidateInvoiceAfterPurchase@2eae8e6e]" started-at="2023-10-06T14:58:13 IST" name="validateInvoice" finished-at="2023-10-06T14:58:37 IST" duration-ms="23846" status="PASS">
          <reporter-output>
          </reporter-output>
        </test-method> <!-- validateInvoice -->
        <test-method is-config="true" signature="closeBrowser()[pri:0, instance:com.automation.testcases.TC5_ValidateInvoiceAfterPurchase@2eae8e6e]" started-at="2023-10-06T14:58:37 IST" name="closeBrowser" finished-at="2023-10-06T14:58:38 IST" duration-ms="1230" status="PASS">
          <reporter-output>
          </reporter-output>
        </test-method> <!-- closeBrowser -->
      </class> <!-- com.automation.testcases.TC5_ValidateInvoiceAfterPurchase -->
      <class name="com.automation.testcases.TC1_RegistrationProcess">
        <test-method is-config="true" signature="launchBrowser()[pri:0, instance:com.automation.testcases.TC1_RegistrationProcess@26d9b808]" started-at="2023-10-06T14:54:47 IST" name="launchBrowser" finished-at="2023-10-06T14:55:10 IST" duration-ms="23490" status="PASS">
          <reporter-output>
          </reporter-output>
        </test-method> <!-- launchBrowser -->
        <test-method signature="userRegistration(java.lang.String,java.lang.String,java.lang.String,java.lang.String,java.lang.String,java.lang.String,java.lang.String,java.lang.String,java.lang.String,java.lang.String,java.lang.String,java.lang.String,java.lang.String,java.lang.String,java.lang.String,java.lang.String,java.lang.String,java.lang.String,java.lang.String,java.lang.String,java.lang.String,java.lang.String)[pri:0, instance:com.automation.testcases.TC1_RegistrationProcess@26d9b808]" started-at="2023-10-06T14:55:11 IST" name="userRegistration" data-provider="getLogData" finished-at="2023-10-06T14:55:35 IST" duration-ms="24203" status="PASS">
          <params>
            <param index="0">
              <value>
                <![CDATA[New User Signup]]>
              </value>
            </param>
            <param index="1">
              <value>
                <![CDATA[boston1]]>
              </value>
            </param>
            <param index="2">
              <value>
                <![CDATA[boston19@gmail.com]]>
              </value>
            </param>
            <param index="3">
              <value>
                <![CDATA[ENTER ACCOUNT INFORMATION]]>
              </value>
            </param>
            <param index="4">
              <value>
                <![CDATA[Janet6@Automation7]]>
              </value>
            </param>
            <param index="5">
              <value>
                <![CDATA[12]]>
              </value>
            </param>
            <param index="6">
              <value>
                <![CDATA[December]]>
              </value>
            </param>
            <param index="7">
              <value>
                <![CDATA[2020]]>
              </value>
            </param>
            <param index="8">
              <value>
                <![CDATA[ADDRESS INFORMATION]]>
              </value>
            </param>
            <param index="9">
              <value>
                <![CDATA[janet5]]>
              </value>
            </param>
            <param index="10">
              <value>
                <![CDATA[a]]>
              </value>
            </param>
            <param index="11">
              <value>
                <![CDATA[wipro]]>
              </value>
            </param>
            <param index="12">
              <value>
                <![CDATA[gandhi street]]>
              </value>
            </param>
            <param index="13">
              <value>
                <![CDATA[bheema ra street]]>
              </value>
            </param>
            <param index="14">
              <value>
                <![CDATA[India]]>
              </value>
            </param>
            <param index="15">
              <value>
                <![CDATA[tn]]>
              </value>
            </param>
            <param index="16">
              <value>
                <![CDATA[chennai]]>
              </value>
            </param>
            <param index="17">
              <value>
                <![CDATA[607002]]>
              </value>
            </param>
            <param index="18">
              <value>
                <![CDATA[1010101010]]>
              </value>
            </param>
            <param index="19">
              <value>
                <![CDATA[ACCOUNT CREATED!]]>
              </value>
            </param>
            <param index="20">
              <value>
                <![CDATA[ACCOUNT CREATED]]>
              </value>
            </param>
            <param index="21">
              <value>
                <![CDATA[logged in as boston1]]>
              </value>
            </param>
          </params>
          <reporter-output>
          </reporter-output>
        </test-method> <!-- userRegistration -->
        <test-method is-config="true" signature="closeBrowser()[pri:0, instance:com.automation.testcases.TC1_RegistrationProcess@26d9b808]" started-at="2023-10-06T14:55:35 IST" name="closeBrowser" finished-at="2023-10-06T14:55:37 IST" duration-ms="1597" status="PASS">
          <reporter-output>
          </reporter-output>
        </test-method> <!-- closeBrowser -->
      </class> <!-- com.automation.testcases.TC1_RegistrationProcess -->
      <class name="com.automation.testcases.TC2_ValidateCardItems">
        <test-method is-config="true" signature="launchBrowser()[pri:0, instance:com.automation.testcases.TC2_ValidateCardItems@7d0b7e3c]" started-at="2023-10-06T14:55:37 IST" name="launchBrowser" finished-at="2023-10-06T14:56:01 IST" duration-ms="24161" status="PASS">
          <reporter-output>
          </reporter-output>
        </test-method> <!-- launchBrowser -->
        <test-method signature="validateAddItemToCartAndNonExistenceProduct()[pri:0, instance:com.automation.testcases.TC2_ValidateCardItems@7d0b7e3c]" started-at="2023-10-06T14:56:01 IST" name="validateAddItemToCartAndNonExistenceProduct" finished-at="2023-10-06T14:56:37 IST" duration-ms="35340" status="PASS">
          <reporter-output>
          </reporter-output>
        </test-method> <!-- validateAddItemToCartAndNonExistenceProduct -->
        <test-method is-config="true" signature="closeBrowser()[pri:0, instance:com.automation.testcases.TC2_ValidateCardItems@7d0b7e3c]" started-at="2023-10-06T14:56:37 IST" name="closeBrowser" finished-at="2023-10-06T14:56:38 IST" duration-ms="1416" status="PASS">
          <reporter-output>
          </reporter-output>
        </test-method> <!-- closeBrowser -->
      </class> <!-- com.automation.testcases.TC2_ValidateCardItems -->
      <class name="com.automation.testcases.TC3_ValidateAddressDetailsIncheckoutPage">
        <test-method is-config="true" signature="launchBrowser()[pri:0, instance:com.automation.testcases.TC3_ValidateAddressDetailsIncheckoutPage@15bb5034]" started-at="2023-10-06T14:56:38 IST" name="launchBrowser" finished-at="2023-10-06T14:56:58 IST" duration-ms="19528" status="PASS">
          <reporter-output>
          </reporter-output>
        </test-method> <!-- launchBrowser -->
        <test-method signature="validateAddressDetailsInCheckoutPage()[pri:0, instance:com.automation.testcases.TC3_ValidateAddressDetailsIncheckoutPage@15bb5034]" started-at="2023-10-06T14:56:58 IST" name="validateAddressDetailsInCheckoutPage" finished-at="2023-10-06T14:57:26 IST" duration-ms="28006" status="PASS">
          <reporter-output>
          </reporter-output>
        </test-method> <!-- validateAddressDetailsInCheckoutPage -->
        <test-method is-config="true" signature="closeBrowser()[pri:0, instance:com.automation.testcases.TC3_ValidateAddressDetailsIncheckoutPage@15bb5034]" started-at="2023-10-06T14:57:26 IST" name="closeBrowser" finished-at="2023-10-06T14:57:27 IST" duration-ms="1284" status="PASS">
          <reporter-output>
          </reporter-output>
        </test-method> <!-- closeBrowser -->
      </class> <!-- com.automation.testcases.TC3_ValidateAddressDetailsIncheckoutPage -->
      <class name="com.automation.testcases.TC4_ValidateScrollUScrollDown">
        <test-method is-config="true" signature="launchBrowser()[pri:0, instance:com.automation.testcases.TC4_ValidateScrollUScrollDown@4b741d6d]" started-at="2023-10-06T14:57:27 IST" name="launchBrowser" finished-at="2023-10-06T14:57:48 IST" duration-ms="21420" status="PASS">
          <reporter-output>
          </reporter-output>
        </test-method> <!-- launchBrowser -->
        <test-method signature="testScrollUpScrollDown()[pri:0, instance:com.automation.testcases.TC4_ValidateScrollUScrollDown@4b741d6d]" started-at="2023-10-06T14:57:48 IST" name="testScrollUpScrollDown" finished-at="2023-10-06T14:57:50 IST" duration-ms="1326" status="PASS">
          <reporter-output>
          </reporter-output>
        </test-method> <!-- testScrollUpScrollDown -->
        <test-method is-config="true" signature="closeBrowser()[pri:0, instance:com.automation.testcases.TC4_ValidateScrollUScrollDown@4b741d6d]" started-at="2023-10-06T14:57:50 IST" name="closeBrowser" finished-at="2023-10-06T14:57:51 IST" duration-ms="1416" status="PASS">
          <reporter-output>
          </reporter-output>
        </test-method> <!-- closeBrowser -->
      </class> <!-- com.automation.testcases.TC4_ValidateScrollUScrollDown -->
    </test> <!-- AutomationExcercise -->
  </suite> <!-- E-commerceapplication -->
</testng-results>
