-------------------------------------------------------------------------------
Test set: TestSuite
-------------------------------------------------------------------------------
Tests run: 8, Failures: 1, Errors: 0, Skipped: 3, Time elapsed: 204.568 s <<< FAILURE! - in TestSuite
com.automation.testcases.TC5_ValidateInvoiceAfterPurchase.validateInvoice  Time elapsed: 0.149 s  <<< FAILURE!
java.lang.AssertionError
	at com.automation.testcases.TC5_ValidateInvoiceAfterPurchase.validateInvoice(TC5_ValidateInvoiceAfterPurchase.java:24)

