<?xml version="1.0" encoding="UTF-8"?>
<testng-results ignored="0" total="1" passed="1" failed="0" skipped="0">
  <reporter-output>
  </reporter-output>
  <suite started-at="2023-08-23T13:01:17 IST" name="Default suite" finished-at="2023-08-23T13:03:50 IST" duration-ms="153885">
    <groups>
      <group name="regression">
        <method signature="TC3_ValidateAddressDetailsIncheckoutPage.validateAddressDetailsInCheckoutPage()[pri:0, instance:com.automation.testcases.TC3_ValidateAddressDetailsIncheckoutPage@117159c0]" name="validateAddressDetailsInCheckoutPage" class="com.automation.testcases.TC3_ValidateAddressDetailsIncheckoutPage"/>
      </group> <!-- regression -->
    </groups>
    <test started-at="2023-08-23T13:01:17 IST" name="Default test" finished-at="2023-08-23T13:03:50 IST" duration-ms="153885">
      <class name="com.automation.testcases.TC3_ValidateAddressDetailsIncheckoutPage">
        <test-method is-config="true" signature="driverSetting()[pri:0, instance:com.automation.testcases.TC3_ValidateAddressDetailsIncheckoutPage@117159c0]" started-at="2023-08-23T13:01:17 IST" name="driverSetting" finished-at="2023-08-23T13:02:32 IST" duration-ms="75523" status="PASS">
          <reporter-output>
          </reporter-output>
        </test-method> <!-- driverSetting -->
        <test-method signature="validateAddressDetailsInCheckoutPage()[pri:0, instance:com.automation.testcases.TC3_ValidateAddressDetailsIncheckoutPage@117159c0]" started-at="2023-08-23T13:02:32 IST" name="validateAddressDetailsInCheckoutPage" finished-at="2023-08-23T13:03:49 IST" duration-ms="76460" status="PASS">
          <reporter-output>
          </reporter-output>
        </test-method> <!-- validateAddressDetailsInCheckoutPage -->
        <test-method is-config="true" signature="closeBrowser()[pri:0, instance:com.automation.testcases.TC3_ValidateAddressDetailsIncheckoutPage@117159c0]" started-at="2023-08-23T13:03:49 IST" name="closeBrowser" finished-at="2023-08-23T13:03:50 IST" duration-ms="1630" status="PASS">
          <reporter-output>
          </reporter-output>
        </test-method> <!-- closeBrowser -->
      </class> <!-- com.automation.testcases.TC3_ValidateAddressDetailsIncheckoutPage -->
    </test> <!-- Default test -->
  </suite> <!-- Default suite -->
</testng-results>
